[INFO ] 2018-03-24 21:39:22.514 [main] TesterUpload1Application - In main
[INFO ] 2018-03-24 21:39:22.690 [restartedMain] TesterUpload1Application - In main
[INFO ] 2018-03-24 21:39:23.049 [restartedMain] TesterUpload1Application - Starting TesterUpload1Application on DESKTOP-D96421K with PID 600 (C:\Users\Tanvi\Documents\workspace-sts-3.9.2.RELEASE\FinalProject\webapp\target\classes started by Tanvi in C:\Users\Tanvi\Documents\workspace-sts-3.9.2.RELEASE\FinalProject\webapp)
[INFO ] 2018-03-24 21:39:23.050 [restartedMain] TesterUpload1Application - No active profile set, falling back to default profiles: default
[INFO ] 2018-03-24 21:39:32.862 [restartedMain] TesterUpload1Application - Started TesterUpload1Application in 10.16 seconds (JVM running for 11.041)
[INFO ] 2018-03-24 21:39:54.124 [http-nio-8567-exec-6] LoginController - User logged in
[INFO ] 2018-03-24 22:15:57.351 [main] TesterUpload1Application - In main
[INFO ] 2018-03-24 22:15:57.652 [restartedMain] TesterUpload1Application - In main
[INFO ] 2018-03-24 22:15:58.115 [restartedMain] TesterUpload1Application - Starting TesterUpload1Application on adiThinkPad-13 with PID 6477 (/home/adi/eclipse-workspace/App/webapp/target/classes started by adi in /home/adi/eclipse-workspace/App/webapp)
[INFO ] 2018-03-24 22:15:58.115 [restartedMain] TesterUpload1Application - No active profile set, falling back to default profiles: default
[INFO ] 2018-03-24 22:16:09.285 [restartedMain] TesterUpload1Application - Started TesterUpload1Application in 11.624 seconds (JVM running for 12.903)
[INFO ] 2018-03-24 22:26:56.915 [http-nio-8567-exec-8] LoginController - User logged in
[INFO ] 2018-03-24 22:29:51.805 [restartedMain] TesterUpload1Application - In main
[INFO ] 2018-03-24 22:29:51.882 [restartedMain] TesterUpload1Application - Starting TesterUpload1Application on adiThinkPad-13 with PID 6477 (/home/adi/eclipse-workspace/App/webapp/target/classes started by adi in /home/adi/eclipse-workspace/App/webapp)
[INFO ] 2018-03-24 22:29:51.883 [restartedMain] TesterUpload1Application - No active profile set, falling back to default profiles: default
[INFO ] 2018-03-24 22:29:53.706 [restartedMain] TesterUpload1Application - Started TesterUpload1Application in 1.887 seconds (JVM running for 837.324)
[INFO ] 2018-03-24 22:31:02.762 [restartedMain] TesterUpload1Application - In main
[INFO ] 2018-03-24 22:31:02.828 [restartedMain] TesterUpload1Application - Starting TesterUpload1Application on adiThinkPad-13 with PID 6477 (/home/adi/eclipse-workspace/App/webapp/target/classes started by adi in /home/adi/eclipse-workspace/App/webapp)
[INFO ] 2018-03-24 22:31:02.829 [restartedMain] TesterUpload1Application - No active profile set, falling back to default profiles: default
[INFO ] 2018-03-24 22:31:04.637 [restartedMain] TesterUpload1Application - Started TesterUpload1Application in 1.867 seconds (JVM running for 908.255)
[INFO ] 2018-03-24 22:31:32.185 [main] TesterUpload1Application - In main
[INFO ] 2018-03-24 22:31:32.437 [restartedMain] TesterUpload1Application - In main
[INFO ] 2018-03-24 22:31:32.891 [restartedMain] TesterUpload1Application - Starting TesterUpload1Application on adiThinkPad-13 with PID 7252 (/home/adi/eclipse-workspace/App/webapp/target/classes started by adi in /home/adi/eclipse-workspace/App/webapp)
[INFO ] 2018-03-24 22:31:32.892 [restartedMain] TesterUpload1Application - No active profile set, falling back to default profiles: default
[INFO ] 2018-03-24 22:31:43.827 [restartedMain] TesterUpload1Application - Started TesterUpload1Application in 11.378 seconds (JVM running for 12.868)
[INFO ] 2018-03-24 22:37:04.476 [restartedMain] TesterUpload1Application - In main
[INFO ] 2018-03-24 22:37:04.541 [restartedMain] TesterUpload1Application - Starting TesterUpload1Application on adiThinkPad-13 with PID 7252 (/home/adi/eclipse-workspace/App/webapp/target/classes started by adi in /home/adi/eclipse-workspace/App/webapp)
[INFO ] 2018-03-24 22:37:04.541 [restartedMain] TesterUpload1Application - No active profile set, falling back to default profiles: default
[INFO ] 2018-03-24 22:37:06.233 [restartedMain] TesterUpload1Application - Started TesterUpload1Application in 1.747 seconds (JVM running for 335.275)
[INFO ] 2018-03-24 22:42:07.996 [restartedMain] TesterUpload1Application - In main
[INFO ] 2018-03-24 22:42:08.063 [restartedMain] TesterUpload1Application - Starting TesterUpload1Application on adiThinkPad-13 with PID 7252 (/home/adi/eclipse-workspace/App/webapp/target/classes started by adi in /home/adi/eclipse-workspace/App/webapp)
[INFO ] 2018-03-24 22:42:08.064 [restartedMain] TesterUpload1Application - No active profile set, falling back to default profiles: default
[INFO ] 2018-03-24 22:42:09.589 [restartedMain] TesterUpload1Application - Started TesterUpload1Application in 1.588 seconds (JVM running for 638.631)
[INFO ] 2018-03-24 22:43:14.565 [restartedMain] TesterUpload1Application - In main
[INFO ] 2018-03-24 22:43:14.614 [restartedMain] TesterUpload1Application - Starting TesterUpload1Application on adiThinkPad-13 with PID 7252 (/home/adi/eclipse-workspace/App/webapp/target/classes started by adi in /home/adi/eclipse-workspace/App/webapp)
[INFO ] 2018-03-24 22:43:14.615 [restartedMain] TesterUpload1Application - No active profile set, falling back to default profiles: default
[INFO ] 2018-03-24 22:43:15.877 [restartedMain] TesterUpload1Application - Started TesterUpload1Application in 1.308 seconds (JVM running for 704.918)
[INFO ] 2018-03-24 22:46:37.988 [restartedMain] TesterUpload1Application - In main
[INFO ] 2018-03-24 22:46:38.046 [restartedMain] TesterUpload1Application - Starting TesterUpload1Application on adiThinkPad-13 with PID 7252 (/home/adi/eclipse-workspace/App/webapp/target/classes started by adi in /home/adi/eclipse-workspace/App/webapp)
[INFO ] 2018-03-24 22:46:38.046 [restartedMain] TesterUpload1Application - No active profile set, falling back to default profiles: default
[INFO ] 2018-03-24 22:46:39.516 [restartedMain] TesterUpload1Application - Started TesterUpload1Application in 1.524 seconds (JVM running for 908.557)
[INFO ] 2018-03-24 22:47:09.256 [restartedMain] TesterUpload1Application - In main
[INFO ] 2018-03-24 22:47:09.339 [restartedMain] TesterUpload1Application - Starting TesterUpload1Application on adiThinkPad-13 with PID 7252 (/home/adi/eclipse-workspace/App/webapp/target/classes started by adi in /home/adi/eclipse-workspace/App/webapp)
[INFO ] 2018-03-24 22:47:09.340 [restartedMain] TesterUpload1Application - No active profile set, falling back to default profiles: default
[INFO ] 2018-03-24 22:47:10.945 [restartedMain] TesterUpload1Application - Started TesterUpload1Application in 1.681 seconds (JVM running for 939.987)
[INFO ] 2018-03-24 22:47:47.841 [restartedMain] TesterUpload1Application - In main
[INFO ] 2018-03-24 22:47:47.887 [restartedMain] TesterUpload1Application - Starting TesterUpload1Application on adiThinkPad-13 with PID 7252 (/home/adi/eclipse-workspace/App/webapp/target/classes started by adi in /home/adi/eclipse-workspace/App/webapp)
[INFO ] 2018-03-24 22:47:47.887 [restartedMain] TesterUpload1Application - No active profile set, falling back to default profiles: default
[INFO ] 2018-03-24 22:47:49.103 [restartedMain] TesterUpload1Application - Started TesterUpload1Application in 1.258 seconds (JVM running for 978.145)
[INFO ] 2018-03-24 22:49:54.633 [restartedMain] TesterUpload1Application - In main
[INFO ] 2018-03-24 22:49:54.678 [restartedMain] TesterUpload1Application - Starting TesterUpload1Application on adiThinkPad-13 with PID 7252 (/home/adi/eclipse-workspace/App/webapp/target/classes started by adi in /home/adi/eclipse-workspace/App/webapp)
[INFO ] 2018-03-24 22:49:54.679 [restartedMain] TesterUpload1Application - No active profile set, falling back to default profiles: default
[INFO ] 2018-03-24 22:49:55.979 [restartedMain] TesterUpload1Application - Started TesterUpload1Application in 1.339 seconds (JVM running for 1105.02)
[INFO ] 2018-03-24 22:53:51.480 [restartedMain] TesterUpload1Application - In main
[INFO ] 2018-03-24 22:53:51.556 [restartedMain] TesterUpload1Application - Starting TesterUpload1Application on adiThinkPad-13 with PID 7252 (/home/adi/eclipse-workspace/App/webapp/target/classes started by adi in /home/adi/eclipse-workspace/App/webapp)
[INFO ] 2018-03-24 22:53:51.557 [restartedMain] TesterUpload1Application - No active profile set, falling back to default profiles: default
[INFO ] 2018-03-24 22:53:52.723 [restartedMain] TesterUpload1Application - Started TesterUpload1Application in 1.237 seconds (JVM running for 1341.765)
[INFO ] 2018-03-24 22:54:03.393 [restartedMain] TesterUpload1Application - In main
[INFO ] 2018-03-24 22:54:03.435 [restartedMain] TesterUpload1Application - Starting TesterUpload1Application on adiThinkPad-13 with PID 7252 (/home/adi/eclipse-workspace/App/webapp/target/classes started by adi in /home/adi/eclipse-workspace/App/webapp)
[INFO ] 2018-03-24 22:54:03.435 [restartedMain] TesterUpload1Application - No active profile set, falling back to default profiles: default
[INFO ] 2018-03-24 22:54:04.381 [restartedMain] TesterUpload1Application - Started TesterUpload1Application in 0.985 seconds (JVM running for 1353.423)
[INFO ] 2018-03-24 22:57:18.224 [restartedMain] TesterUpload1Application - In main
[INFO ] 2018-03-24 22:57:18.267 [restartedMain] TesterUpload1Application - Starting TesterUpload1Application on adiThinkPad-13 with PID 7252 (/home/adi/eclipse-workspace/App/webapp/target/classes started by adi in /home/adi/eclipse-workspace/App/webapp)
[INFO ] 2018-03-24 22:57:18.267 [restartedMain] TesterUpload1Application - No active profile set, falling back to default profiles: default
[INFO ] 2018-03-24 22:57:19.382 [restartedMain] TesterUpload1Application - Started TesterUpload1Application in 1.152 seconds (JVM running for 1548.424)
[INFO ] 2018-03-24 22:59:48.971 [restartedMain] TesterUpload1Application - In main
[INFO ] 2018-03-24 22:59:49.023 [restartedMain] TesterUpload1Application - Starting TesterUpload1Application on adiThinkPad-13 with PID 7252 (/home/adi/eclipse-workspace/App/webapp/target/classes started by adi in /home/adi/eclipse-workspace/App/webapp)
[INFO ] 2018-03-24 22:59:49.023 [restartedMain] TesterUpload1Application - No active profile set, falling back to default profiles: default
[INFO ] 2018-03-24 22:59:49.949 [restartedMain] TesterUpload1Application - Started TesterUpload1Application in 0.974 seconds (JVM running for 1698.99)
[INFO ] 2018-03-24 23:18:58.765 [restartedMain] TesterUpload1Application - In main
[INFO ] 2018-03-24 23:18:58.826 [restartedMain] TesterUpload1Application - Starting TesterUpload1Application on adiThinkPad-13 with PID 7252 (/home/adi/eclipse-workspace/App/webapp/target/classes started by adi in /home/adi/eclipse-workspace/App/webapp)
[INFO ] 2018-03-24 23:18:58.826 [restartedMain] TesterUpload1Application - No active profile set, falling back to default profiles: default
[INFO ] 2018-03-24 23:18:59.915 [restartedMain] TesterUpload1Application - Started TesterUpload1Application in 1.144 seconds (JVM running for 2848.957)
[INFO ] 2018-03-24 23:19:20.924 [http-nio-8567-exec-3] LoginController - User logged in
[INFO ] 2018-03-26 22:43:01.327 [main] TesterUpload1Application - In main
[INFO ] 2018-03-26 22:43:01.537 [restartedMain] TesterUpload1Application - In main
[INFO ] 2018-03-26 22:43:01.907 [restartedMain] TesterUpload1Application - Starting TesterUpload1Application on DESKTOP-D96421K with PID 15540 (C:\Users\Tanvi\team-214\phaseC\App\webapp\target\classes started by Tanvi in C:\Users\Tanvi\team-214\phaseC\App\webapp)
[INFO ] 2018-03-26 22:43:01.907 [restartedMain] TesterUpload1Application - No active profile set, falling back to default profiles: default
[ERROR] 2018-03-26 22:43:27.899 [restartedMain] ConnectionPool - Unable to create initial connections of pool.
com.mysql.jdbc.exceptions.jdbc4.CommunicationsException: Communications link failure

The last packet sent successfully to the server was 0 milliseconds ago. The driver has not received any packets from the server.
	at sun.reflect.NativeConstructorAccessorImpl.newInstance0(Native Method) ~[?:1.8.0_102]
	at sun.reflect.NativeConstructorAccessorImpl.newInstance(NativeConstructorAccessorImpl.java:62) ~[?:1.8.0_102]
	at sun.reflect.DelegatingConstructorAccessorImpl.newInstance(DelegatingConstructorAccessorImpl.java:45) ~[?:1.8.0_102]
	at java.lang.reflect.Constructor.newInstance(Constructor.java:423) ~[?:1.8.0_102]
	at com.mysql.jdbc.Util.handleNewInstance(Util.java:409) ~[mysql-connector-java-5.1.30.jar:?]
	at com.mysql.jdbc.SQLError.createCommunicationsException(SQLError.java:1127) ~[mysql-connector-java-5.1.30.jar:?]
	at com.mysql.jdbc.MysqlIO.<init>(MysqlIO.java:356) ~[mysql-connector-java-5.1.30.jar:?]
	at com.mysql.jdbc.ConnectionImpl.coreConnect(ConnectionImpl.java:2502) ~[mysql-connector-java-5.1.30.jar:?]
	at com.mysql.jdbc.ConnectionImpl.connectOneTryOnly(ConnectionImpl.java:2539) ~[mysql-connector-java-5.1.30.jar:?]
	at com.mysql.jdbc.ConnectionImpl.createNewIO(ConnectionImpl.java:2321) ~[mysql-connector-java-5.1.30.jar:?]
	at com.mysql.jdbc.ConnectionImpl.<init>(ConnectionImpl.java:832) ~[mysql-connector-java-5.1.30.jar:?]
	at com.mysql.jdbc.JDBC4Connection.<init>(JDBC4Connection.java:46) ~[mysql-connector-java-5.1.30.jar:?]
	at sun.reflect.NativeConstructorAccessorImpl.newInstance0(Native Method) ~[?:1.8.0_102]
	at sun.reflect.NativeConstructorAccessorImpl.newInstance(NativeConstructorAccessorImpl.java:62) ~[?:1.8.0_102]
	at sun.reflect.DelegatingConstructorAccessorImpl.newInstance(DelegatingConstructorAccessorImpl.java:45) ~[?:1.8.0_102]
	at java.lang.reflect.Constructor.newInstance(Constructor.java:423) ~[?:1.8.0_102]
	at com.mysql.jdbc.Util.handleNewInstance(Util.java:409) ~[mysql-connector-java-5.1.30.jar:?]
	at com.mysql.jdbc.ConnectionImpl.getInstance(ConnectionImpl.java:417) ~[mysql-connector-java-5.1.30.jar:?]
	at com.mysql.jdbc.NonRegisteringDriver.connect(NonRegisteringDriver.java:344) ~[mysql-connector-java-5.1.30.jar:?]
	at org.apache.tomcat.jdbc.pool.PooledConnection.connectUsingDriver(PooledConnection.java:319) ~[tomcat-jdbc-8.5.29.jar:?]
	at org.apache.tomcat.jdbc.pool.PooledConnection.connect(PooledConnection.java:212) ~[tomcat-jdbc-8.5.29.jar:?]
	at org.apache.tomcat.jdbc.pool.ConnectionPool.createConnection(ConnectionPool.java:736) ~[tomcat-jdbc-8.5.29.jar:?]
	at org.apache.tomcat.jdbc.pool.ConnectionPool.borrowConnection(ConnectionPool.java:668) ~[tomcat-jdbc-8.5.29.jar:?]
	at org.apache.tomcat.jdbc.pool.ConnectionPool.init(ConnectionPool.java:483) [tomcat-jdbc-8.5.29.jar:?]
	at org.apache.tomcat.jdbc.pool.ConnectionPool.<init>(ConnectionPool.java:154) [tomcat-jdbc-8.5.29.jar:?]
	at org.apache.tomcat.jdbc.pool.DataSourceProxy.pCreatePool(DataSourceProxy.java:118) [tomcat-jdbc-8.5.29.jar:?]
	at org.apache.tomcat.jdbc.pool.DataSourceProxy.createPool(DataSourceProxy.java:107) [tomcat-jdbc-8.5.29.jar:?]
	at org.apache.tomcat.jdbc.pool.DataSourceProxy.getConnection(DataSourceProxy.java:131) [tomcat-jdbc-8.5.29.jar:?]
	at org.springframework.jdbc.datasource.DataSourceUtils.doGetConnection(DataSourceUtils.java:111) [spring-jdbc-4.3.15.BUILD-SNAPSHOT.jar:4.3.15.BUILD-SNAPSHOT]
	at org.springframework.jdbc.datasource.DataSourceUtils.getConnection(DataSourceUtils.java:77) [spring-jdbc-4.3.15.BUILD-SNAPSHOT.jar:4.3.15.BUILD-SNAPSHOT]
	at org.springframework.jdbc.support.JdbcUtils.extractDatabaseMetaData(JdbcUtils.java:325) [spring-jdbc-4.3.15.BUILD-SNAPSHOT.jar:4.3.15.BUILD-SNAPSHOT]
	at org.springframework.jdbc.support.JdbcUtils.extractDatabaseMetaData(JdbcUtils.java:365) [spring-jdbc-4.3.15.BUILD-SNAPSHOT.jar:4.3.15.BUILD-SNAPSHOT]
	at org.springframework.boot.autoconfigure.orm.jpa.DatabaseLookup.getDatabase(DatabaseLookup.java:72) [spring-boot-autoconfigure-1.5.11.BUILD-SNAPSHOT.jar:1.5.11.BUILD-SNAPSHOT]
	at org.springframework.boot.autoconfigure.orm.jpa.JpaProperties.determineDatabase(JpaProperties.java:139) [spring-boot-autoconfigure-1.5.11.BUILD-SNAPSHOT.jar:1.5.11.BUILD-SNAPSHOT]
	at org.springframework.boot.autoconfigure.orm.jpa.JpaBaseConfiguration.jpaVendorAdapter(JpaBaseConfiguration.java:105) [spring-boot-autoconfigure-1.5.11.BUILD-SNAPSHOT.jar:1.5.11.BUILD-SNAPSHOT]
	at org.springframework.boot.autoconfigure.orm.jpa.HibernateJpaAutoConfiguration$$EnhancerBySpringCGLIB$$eac5b43b.CGLIB$jpaVendorAdapter$6(<generated>) [spring-boot-autoconfigure-1.5.11.BUILD-SNAPSHOT.jar:1.5.11.BUILD-SNAPSHOT]
	at org.springframework.boot.autoconfigure.orm.jpa.HibernateJpaAutoConfiguration$$EnhancerBySpringCGLIB$$eac5b43b$$FastClassBySpringCGLIB$$b5ba102d.invoke(<generated>) [spring-boot-autoconfigure-1.5.11.BUILD-SNAPSHOT.jar:1.5.11.BUILD-SNAPSHOT]
	at org.springframework.cglib.proxy.MethodProxy.invokeSuper(MethodProxy.java:228) [spring-core-4.3.15.BUILD-SNAPSHOT.jar:4.3.15.BUILD-SNAPSHOT]
	at org.springframework.context.annotation.ConfigurationClassEnhancer$BeanMethodInterceptor.intercept(ConfigurationClassEnhancer.java:358) [spring-context-4.3.15.BUILD-SNAPSHOT.jar:4.3.15.BUILD-SNAPSHOT]
	at org.springframework.boot.autoconfigure.orm.jpa.HibernateJpaAutoConfiguration$$EnhancerBySpringCGLIB$$eac5b43b.jpaVendorAdapter(<generated>) [spring-boot-autoconfigure-1.5.11.BUILD-SNAPSHOT.jar:1.5.11.BUILD-SNAPSHOT]
	at sun.reflect.NativeMethodAccessorImpl.invoke0(Native Method) ~[?:1.8.0_102]
	at sun.reflect.NativeMethodAccessorImpl.invoke(NativeMethodAccessorImpl.java:62) ~[?:1.8.0_102]
	at sun.reflect.DelegatingMethodAccessorImpl.invoke(DelegatingMethodAccessorImpl.java:43) ~[?:1.8.0_102]
	at java.lang.reflect.Method.invoke(Method.java:498) ~[?:1.8.0_102]
	at org.springframework.beans.factory.support.SimpleInstantiationStrategy.instantiate(SimpleInstantiationStrategy.java:162) [spring-beans-4.3.15.BUILD-SNAPSHOT.jar:4.3.15.BUILD-SNAPSHOT]
	at org.springframework.beans.factory.support.ConstructorResolver.instantiateUsingFactoryMethod(ConstructorResolver.java:588) [spring-beans-4.3.15.BUILD-SNAPSHOT.jar:4.3.15.BUILD-SNAPSHOT]
	at org.springframework.beans.factory.support.AbstractAutowireCapableBeanFactory.instantiateUsingFactoryMethod(AbstractAutowireCapableBeanFactory.java:1173) [spring-beans-4.3.15.BUILD-SNAPSHOT.jar:4.3.15.BUILD-SNAPSHOT]
	at org.springframework.beans.factory.support.AbstractAutowireCapableBeanFactory.createBeanInstance(AbstractAutowireCapableBeanFactory.java:1067) [spring-beans-4.3.15.BUILD-SNAPSHOT.jar:4.3.15.BUILD-SNAPSHOT]
	at org.springframework.beans.factory.support.AbstractAutowireCapableBeanFactory.doCreateBean(AbstractAutowireCapableBeanFactory.java:513) [spring-beans-4.3.15.BUILD-SNAPSHOT.jar:4.3.15.BUILD-SNAPSHOT]
	at org.springframework.beans.factory.support.AbstractAutowireCapableBeanFactory.createBean(AbstractAutowireCapableBeanFactory.java:483) [spring-beans-4.3.15.BUILD-SNAPSHOT.jar:4.3.15.BUILD-SNAPSHOT]
	at org.springframework.beans.factory.support.AbstractBeanFactory$1.getObject(AbstractBeanFactory.java:306) [spring-beans-4.3.15.BUILD-SNAPSHOT.jar:4.3.15.BUILD-SNAPSHOT]
	at org.springframework.beans.factory.support.DefaultSingletonBeanRegistry.getSingleton(DefaultSingletonBeanRegistry.java:230) [spring-beans-4.3.15.BUILD-SNAPSHOT.jar:4.3.15.BUILD-SNAPSHOT]
	at org.springframework.beans.factory.support.AbstractBeanFactory.doGetBean(AbstractBeanFactory.java:302) [spring-beans-4.3.15.BUILD-SNAPSHOT.jar:4.3.15.BUILD-SNAPSHOT]
	at org.springframework.beans.factory.support.AbstractBeanFactory.getBean(AbstractBeanFactory.java:202) [spring-beans-4.3.15.BUILD-SNAPSHOT.jar:4.3.15.BUILD-SNAPSHOT]
	at org.springframework.beans.factory.config.DependencyDescriptor.resolveCandidate(DependencyDescriptor.java:208) [spring-beans-4.3.15.BUILD-SNAPSHOT.jar:4.3.15.BUILD-SNAPSHOT]
	at org.springframework.beans.factory.support.DefaultListableBeanFactory.doResolveDependency(DefaultListableBeanFactory.java:1138) [spring-beans-4.3.15.BUILD-SNAPSHOT.jar:4.3.15.BUILD-SNAPSHOT]
	at org.springframework.beans.factory.support.DefaultListableBeanFactory.resolveDependency(DefaultListableBeanFactory.java:1066) [spring-beans-4.3.15.BUILD-SNAPSHOT.jar:4.3.15.BUILD-SNAPSHOT]
	at org.springframework.beans.factory.support.ConstructorResolver.resolveAutowiredArgument(ConstructorResolver.java:835) [spring-beans-4.3.15.BUILD-SNAPSHOT.jar:4.3.15.BUILD-SNAPSHOT]
	at org.springframework.beans.factory.support.ConstructorResolver.createArgumentArray(ConstructorResolver.java:741) [spring-beans-4.3.15.BUILD-SNAPSHOT.jar:4.3.15.BUILD-SNAPSHOT]
	at org.springframework.beans.factory.support.ConstructorResolver.instantiateUsingFactoryMethod(ConstructorResolver.java:467) [spring-beans-4.3.15.BUILD-SNAPSHOT.jar:4.3.15.BUILD-SNAPSHOT]
	at org.springframework.beans.factory.support.AbstractAutowireCapableBeanFactory.instantiateUsingFactoryMethod(AbstractAutowireCapableBeanFactory.java:1173) [spring-beans-4.3.15.BUILD-SNAPSHOT.jar:4.3.15.BUILD-SNAPSHOT]
	at org.springframework.beans.factory.support.AbstractAutowireCapableBeanFactory.createBeanInstance(AbstractAutowireCapableBeanFactory.java:1067) [spring-beans-4.3.15.BUILD-SNAPSHOT.jar:4.3.15.BUILD-SNAPSHOT]
	at org.springframework.beans.factory.support.AbstractAutowireCapableBeanFactory.doCreateBean(AbstractAutowireCapableBeanFactory.java:513) [spring-beans-4.3.15.BUILD-SNAPSHOT.jar:4.3.15.BUILD-SNAPSHOT]
	at org.springframework.beans.factory.support.AbstractAutowireCapableBeanFactory.createBean(AbstractAutowireCapableBeanFactory.java:483) [spring-beans-4.3.15.BUILD-SNAPSHOT.jar:4.3.15.BUILD-SNAPSHOT]
	at org.springframework.beans.factory.support.AbstractBeanFactory$1.getObject(AbstractBeanFactory.java:306) [spring-beans-4.3.15.BUILD-SNAPSHOT.jar:4.3.15.BUILD-SNAPSHOT]
	at org.springframework.beans.factory.support.DefaultSingletonBeanRegistry.getSingleton(DefaultSingletonBeanRegistry.java:230) [spring-beans-4.3.15.BUILD-SNAPSHOT.jar:4.3.15.BUILD-SNAPSHOT]
	at org.springframework.beans.factory.support.AbstractBeanFactory.doGetBean(AbstractBeanFactory.java:302) [spring-beans-4.3.15.BUILD-SNAPSHOT.jar:4.3.15.BUILD-SNAPSHOT]
	at org.springframework.beans.factory.support.AbstractBeanFactory.getBean(AbstractBeanFactory.java:202) [spring-beans-4.3.15.BUILD-SNAPSHOT.jar:4.3.15.BUILD-SNAPSHOT]
	at org.springframework.beans.factory.config.DependencyDescriptor.resolveCandidate(DependencyDescriptor.java:208) [spring-beans-4.3.15.BUILD-SNAPSHOT.jar:4.3.15.BUILD-SNAPSHOT]
	at org.springframework.beans.factory.support.DefaultListableBeanFactory.doResolveDependency(DefaultListableBeanFactory.java:1138) [spring-beans-4.3.15.BUILD-SNAPSHOT.jar:4.3.15.BUILD-SNAPSHOT]
	at org.springframework.beans.factory.support.DefaultListableBeanFactory.resolveDependency(DefaultListableBeanFactory.java:1066) [spring-beans-4.3.15.BUILD-SNAPSHOT.jar:4.3.15.BUILD-SNAPSHOT]
	at org.springframework.beans.factory.support.ConstructorResolver.resolveAutowiredArgument(ConstructorResolver.java:835) [spring-beans-4.3.15.BUILD-SNAPSHOT.jar:4.3.15.BUILD-SNAPSHOT]
	at org.springframework.beans.factory.support.ConstructorResolver.createArgumentArray(ConstructorResolver.java:741) [spring-beans-4.3.15.BUILD-SNAPSHOT.jar:4.3.15.BUILD-SNAPSHOT]
	at org.springframework.beans.factory.support.ConstructorResolver.instantiateUsingFactoryMethod(ConstructorResolver.java:467) [spring-beans-4.3.15.BUILD-SNAPSHOT.jar:4.3.15.BUILD-SNAPSHOT]
	at org.springframework.beans.factory.support.AbstractAutowireCapableBeanFactory.instantiateUsingFactoryMethod(AbstractAutowireCapableBeanFactory.java:1173) [spring-beans-4.3.15.BUILD-SNAPSHOT.jar:4.3.15.BUILD-SNAPSHOT]
	at org.springframework.beans.factory.support.AbstractAutowireCapableBeanFactory.createBeanInstance(AbstractAutowireCapableBeanFactory.java:1067) [spring-beans-4.3.15.BUILD-SNAPSHOT.jar:4.3.15.BUILD-SNAPSHOT]
	at org.springframework.beans.factory.support.AbstractAutowireCapableBeanFactory.doCreateBean(AbstractAutowireCapableBeanFactory.java:513) [spring-beans-4.3.15.BUILD-SNAPSHOT.jar:4.3.15.BUILD-SNAPSHOT]
	at org.springframework.beans.factory.support.AbstractAutowireCapableBeanFactory.createBean(AbstractAutowireCapableBeanFactory.java:483) [spring-beans-4.3.15.BUILD-SNAPSHOT.jar:4.3.15.BUILD-SNAPSHOT]
	at org.springframework.beans.factory.support.AbstractBeanFactory$1.getObject(AbstractBeanFactory.java:306) [spring-beans-4.3.15.BUILD-SNAPSHOT.jar:4.3.15.BUILD-SNAPSHOT]
	at org.springframework.beans.factory.support.DefaultSingletonBeanRegistry.getSingleton(DefaultSingletonBeanRegistry.java:230) [spring-beans-4.3.15.BUILD-SNAPSHOT.jar:4.3.15.BUILD-SNAPSHOT]
	at org.springframework.beans.factory.support.AbstractBeanFactory.doGetBean(AbstractBeanFactory.java:302) [spring-beans-4.3.15.BUILD-SNAPSHOT.jar:4.3.15.BUILD-SNAPSHOT]
	at org.springframework.beans.factory.support.AbstractBeanFactory.getBean(AbstractBeanFactory.java:197) [spring-beans-4.3.15.BUILD-SNAPSHOT.jar:4.3.15.BUILD-SNAPSHOT]
	at org.springframework.context.support.AbstractApplicationContext.getBean(AbstractApplicationContext.java:1080) [spring-context-4.3.15.BUILD-SNAPSHOT.jar:4.3.15.BUILD-SNAPSHOT]
	at org.springframework.context.support.AbstractApplicationContext.finishBeanFactoryInitialization(AbstractApplicationContext.java:857) [spring-context-4.3.15.BUILD-SNAPSHOT.jar:4.3.15.BUILD-SNAPSHOT]
	at org.springframework.context.support.AbstractApplicationContext.refresh(AbstractApplicationContext.java:543) [spring-context-4.3.15.BUILD-SNAPSHOT.jar:4.3.15.BUILD-SNAPSHOT]
	at org.springframework.boot.context.embedded.EmbeddedWebApplicationContext.refresh(EmbeddedWebApplicationContext.java:122) [spring-boot-1.5.11.BUILD-SNAPSHOT.jar:1.5.11.BUILD-SNAPSHOT]
	at org.springframework.boot.SpringApplication.refresh(SpringApplication.java:693) [spring-boot-1.5.11.BUILD-SNAPSHOT.jar:1.5.11.BUILD-SNAPSHOT]
	at org.springframework.boot.SpringApplication.refreshContext(SpringApplication.java:360) [spring-boot-1.5.11.BUILD-SNAPSHOT.jar:1.5.11.BUILD-SNAPSHOT]
	at org.springframework.boot.SpringApplication.run(SpringApplication.java:303) [spring-boot-1.5.11.BUILD-SNAPSHOT.jar:1.5.11.BUILD-SNAPSHOT]
	at org.springframework.boot.SpringApplication.run(SpringApplication.java:1118) [spring-boot-1.5.11.BUILD-SNAPSHOT.jar:1.5.11.BUILD-SNAPSHOT]
	at org.springframework.boot.SpringApplication.run(SpringApplication.java:1107) [spring-boot-1.5.11.BUILD-SNAPSHOT.jar:1.5.11.BUILD-SNAPSHOT]
	at com.webapp.TesterUpload1Application.main(TesterUpload1Application.java:13) [classes/:?]
	at sun.reflect.NativeMethodAccessorImpl.invoke0(Native Method) ~[?:1.8.0_102]
	at sun.reflect.NativeMethodAccessorImpl.invoke(NativeMethodAccessorImpl.java:62) ~[?:1.8.0_102]
	at sun.reflect.DelegatingMethodAccessorImpl.invoke(DelegatingMethodAccessorImpl.java:43) ~[?:1.8.0_102]
	at java.lang.reflect.Method.invoke(Method.java:498) ~[?:1.8.0_102]
	at org.springframework.boot.devtools.restart.RestartLauncher.run(RestartLauncher.java:49) [spring-boot-devtools-1.5.11.BUILD-SNAPSHOT.jar:1.5.11.BUILD-SNAPSHOT]
Caused by: java.net.ConnectException: Connection timed out: connect
	at java.net.DualStackPlainSocketImpl.connect0(Native Method) ~[?:1.8.0_102]
	at java.net.DualStackPlainSocketImpl.socketConnect(DualStackPlainSocketImpl.java:79) ~[?:1.8.0_102]
	at java.net.AbstractPlainSocketImpl.doConnect(AbstractPlainSocketImpl.java:350) ~[?:1.8.0_102]
	at java.net.AbstractPlainSocketImpl.connectToAddress(AbstractPlainSocketImpl.java:206) ~[?:1.8.0_102]
	at java.net.AbstractPlainSocketImpl.connect(AbstractPlainSocketImpl.java:188) ~[?:1.8.0_102]
	at java.net.PlainSocketImpl.connect(PlainSocketImpl.java:172) ~[?:1.8.0_102]
	at java.net.SocksSocketImpl.connect(SocksSocketImpl.java:392) ~[?:1.8.0_102]
	at java.net.Socket.connect(Socket.java:589) ~[?:1.8.0_102]
	at java.net.Socket.connect(Socket.java:538) ~[?:1.8.0_102]
	at java.net.Socket.<init>(Socket.java:434) ~[?:1.8.0_102]
	at java.net.Socket.<init>(Socket.java:244) ~[?:1.8.0_102]
	at com.mysql.jdbc.StandardSocketFactory.connect(StandardSocketFactory.java:258) ~[mysql-connector-java-5.1.30.jar:?]
	at com.mysql.jdbc.MysqlIO.<init>(MysqlIO.java:306) ~[mysql-connector-java-5.1.30.jar:?]
	... 90 more
[INFO ] 2018-03-26 22:44:15.133 [main] TesterUpload1Application - In main
[INFO ] 2018-03-26 22:44:15.304 [restartedMain] TesterUpload1Application - In main
[INFO ] 2018-03-26 22:44:15.630 [restartedMain] TesterUpload1Application - Starting TesterUpload1Application on DESKTOP-D96421K with PID 7036 (C:\Users\Tanvi\team-214\phaseC\App\webapp\target\classes started by Tanvi in C:\Users\Tanvi\team-214\phaseC\App\webapp)
[INFO ] 2018-03-26 22:44:15.631 [restartedMain] TesterUpload1Application - No active profile set, falling back to default profiles: default
[ERROR] 2018-03-26 22:44:21.827 [restartedMain] SpringApplication - Application startup failed
org.springframework.beans.factory.UnsatisfiedDependencyException: Error creating bean with name 'loginController': Unsatisfied dependency expressed through field 'repository'; nested exception is org.springframework.beans.factory.BeanCreationException: Error creating bean with name 'userRepository': Invocation of init method failed; nested exception is java.lang.AbstractMethodError
	at org.springframework.beans.factory.annotation.AutowiredAnnotationBeanPostProcessor$AutowiredFieldElement.inject(AutowiredAnnotationBeanPostProcessor.java:588) ~[spring-beans-4.3.15.BUILD-SNAPSHOT.jar:4.3.15.BUILD-SNAPSHOT]
	at org.springframework.beans.factory.annotation.InjectionMetadata.inject(InjectionMetadata.java:88) ~[spring-beans-4.3.15.BUILD-SNAPSHOT.jar:4.3.15.BUILD-SNAPSHOT]
	at org.springframework.beans.factory.annotation.AutowiredAnnotationBeanPostProcessor.postProcessPropertyValues(AutowiredAnnotationBeanPostProcessor.java:366) ~[spring-beans-4.3.15.BUILD-SNAPSHOT.jar:4.3.15.BUILD-SNAPSHOT]
	at org.springframework.beans.factory.support.AbstractAutowireCapableBeanFactory.populateBean(AbstractAutowireCapableBeanFactory.java:1264) ~[spring-beans-4.3.15.BUILD-SNAPSHOT.jar:4.3.15.BUILD-SNAPSHOT]
	at org.springframework.beans.factory.support.AbstractAutowireCapableBeanFactory.doCreateBean(AbstractAutowireCapableBeanFactory.java:553) ~[spring-beans-4.3.15.BUILD-SNAPSHOT.jar:4.3.15.BUILD-SNAPSHOT]
	at org.springframework.beans.factory.support.AbstractAutowireCapableBeanFactory.createBean(AbstractAutowireCapableBeanFactory.java:483) ~[spring-beans-4.3.15.BUILD-SNAPSHOT.jar:4.3.15.BUILD-SNAPSHOT]
	at org.springframework.beans.factory.support.AbstractBeanFactory$1.getObject(AbstractBeanFactory.java:306) ~[spring-beans-4.3.15.BUILD-SNAPSHOT.jar:4.3.15.BUILD-SNAPSHOT]
	at org.springframework.beans.factory.support.DefaultSingletonBeanRegistry.getSingleton(DefaultSingletonBeanRegistry.java:230) ~[spring-beans-4.3.15.BUILD-SNAPSHOT.jar:4.3.15.BUILD-SNAPSHOT]
	at org.springframework.beans.factory.support.AbstractBeanFactory.doGetBean(AbstractBeanFactory.java:302) ~[spring-beans-4.3.15.BUILD-SNAPSHOT.jar:4.3.15.BUILD-SNAPSHOT]
	at org.springframework.beans.factory.support.AbstractBeanFactory.getBean(AbstractBeanFactory.java:197) ~[spring-beans-4.3.15.BUILD-SNAPSHOT.jar:4.3.15.BUILD-SNAPSHOT]
	at org.springframework.beans.factory.support.DefaultListableBeanFactory.preInstantiateSingletons(DefaultListableBeanFactory.java:761) ~[spring-beans-4.3.15.BUILD-SNAPSHOT.jar:4.3.15.BUILD-SNAPSHOT]
	at org.springframework.context.support.AbstractApplicationContext.finishBeanFactoryInitialization(AbstractApplicationContext.java:867) ~[spring-context-4.3.15.BUILD-SNAPSHOT.jar:4.3.15.BUILD-SNAPSHOT]
	at org.springframework.context.support.AbstractApplicationContext.refresh(AbstractApplicationContext.java:543) ~[spring-context-4.3.15.BUILD-SNAPSHOT.jar:4.3.15.BUILD-SNAPSHOT]
	at org.springframework.boot.context.embedded.EmbeddedWebApplicationContext.refresh(EmbeddedWebApplicationContext.java:122) ~[spring-boot-1.5.11.BUILD-SNAPSHOT.jar:1.5.11.BUILD-SNAPSHOT]
	at org.springframework.boot.SpringApplication.refresh(SpringApplication.java:693) [spring-boot-1.5.11.BUILD-SNAPSHOT.jar:1.5.11.BUILD-SNAPSHOT]
	at org.springframework.boot.SpringApplication.refreshContext(SpringApplication.java:360) [spring-boot-1.5.11.BUILD-SNAPSHOT.jar:1.5.11.BUILD-SNAPSHOT]
	at org.springframework.boot.SpringApplication.run(SpringApplication.java:303) [spring-boot-1.5.11.BUILD-SNAPSHOT.jar:1.5.11.BUILD-SNAPSHOT]
	at org.springframework.boot.SpringApplication.run(SpringApplication.java:1118) [spring-boot-1.5.11.BUILD-SNAPSHOT.jar:1.5.11.BUILD-SNAPSHOT]
	at org.springframework.boot.SpringApplication.run(SpringApplication.java:1107) [spring-boot-1.5.11.BUILD-SNAPSHOT.jar:1.5.11.BUILD-SNAPSHOT]
	at com.webapp.TesterUpload1Application.main(TesterUpload1Application.java:13) [classes/:?]
	at sun.reflect.NativeMethodAccessorImpl.invoke0(Native Method) ~[?:1.8.0_102]
	at sun.reflect.NativeMethodAccessorImpl.invoke(NativeMethodAccessorImpl.java:62) ~[?:1.8.0_102]
	at sun.reflect.DelegatingMethodAccessorImpl.invoke(DelegatingMethodAccessorImpl.java:43) ~[?:1.8.0_102]
	at java.lang.reflect.Method.invoke(Method.java:498) ~[?:1.8.0_102]
	at org.springframework.boot.devtools.restart.RestartLauncher.run(RestartLauncher.java:49) [spring-boot-devtools-1.5.11.BUILD-SNAPSHOT.jar:1.5.11.BUILD-SNAPSHOT]
Caused by: org.springframework.beans.factory.BeanCreationException: Error creating bean with name 'userRepository': Invocation of init method failed; nested exception is java.lang.AbstractMethodError
	at org.springframework.beans.factory.support.AbstractAutowireCapableBeanFactory.initializeBean(AbstractAutowireCapableBeanFactory.java:1628) ~[spring-beans-4.3.15.BUILD-SNAPSHOT.jar:4.3.15.BUILD-SNAPSHOT]
	at org.springframework.beans.factory.support.AbstractAutowireCapableBeanFactory.doCreateBean(AbstractAutowireCapableBeanFactory.java:555) ~[spring-beans-4.3.15.BUILD-SNAPSHOT.jar:4.3.15.BUILD-SNAPSHOT]
	at org.springframework.beans.factory.support.AbstractAutowireCapableBeanFactory.createBean(AbstractAutowireCapableBeanFactory.java:483) ~[spring-beans-4.3.15.BUILD-SNAPSHOT.jar:4.3.15.BUILD-SNAPSHOT]
	at org.springframework.beans.factory.support.AbstractBeanFactory$1.getObject(AbstractBeanFactory.java:306) ~[spring-beans-4.3.15.BUILD-SNAPSHOT.jar:4.3.15.BUILD-SNAPSHOT]
	at org.springframework.beans.factory.support.DefaultSingletonBeanRegistry.getSingleton(DefaultSingletonBeanRegistry.java:230) ~[spring-beans-4.3.15.BUILD-SNAPSHOT.jar:4.3.15.BUILD-SNAPSHOT]
	at org.springframework.beans.factory.support.AbstractBeanFactory.doGetBean(AbstractBeanFactory.java:302) ~[spring-beans-4.3.15.BUILD-SNAPSHOT.jar:4.3.15.BUILD-SNAPSHOT]
	at org.springframework.beans.factory.support.AbstractBeanFactory.getBean(AbstractBeanFactory.java:202) ~[spring-beans-4.3.15.BUILD-SNAPSHOT.jar:4.3.15.BUILD-SNAPSHOT]
	at org.springframework.beans.factory.config.DependencyDescriptor.resolveCandidate(DependencyDescriptor.java:208) ~[spring-beans-4.3.15.BUILD-SNAPSHOT.jar:4.3.15.BUILD-SNAPSHOT]
	at org.springframework.beans.factory.support.DefaultListableBeanFactory.doResolveDependency(DefaultListableBeanFactory.java:1138) ~[spring-beans-4.3.15.BUILD-SNAPSHOT.jar:4.3.15.BUILD-SNAPSHOT]
	at org.springframework.beans.factory.support.DefaultListableBeanFactory.resolveDependency(DefaultListableBeanFactory.java:1066) ~[spring-beans-4.3.15.BUILD-SNAPSHOT.jar:4.3.15.BUILD-SNAPSHOT]
	at org.springframework.beans.factory.annotation.AutowiredAnnotationBeanPostProcessor$AutowiredFieldElement.inject(AutowiredAnnotationBeanPostProcessor.java:585) ~[spring-beans-4.3.15.BUILD-SNAPSHOT.jar:4.3.15.BUILD-SNAPSHOT]
	... 24 more
Caused by: java.lang.AbstractMethodError
	at org.apache.logging.log4j.spi.AbstractLogger.logIfEnabled(AbstractLogger.java:1875) ~[log4j-api-2.7.jar:2.7]
	at org.apache.logging.slf4j.Log4jLogger.debug(Log4jLogger.java:124) ~[log4j-slf4j-impl-2.7.jar:2.7]
	at org.springframework.data.jpa.repository.query.JpaQueryFactory.fromQueryAnnotation(JpaQueryFactory.java:52) ~[spring-data-jpa-1.11.10.RELEASE.jar:?]
	at org.springframework.data.jpa.repository.query.JpaQueryLookupStrategy$DeclaredQueryLookupStrategy.resolveQuery(JpaQueryLookupStrategy.java:138) ~[spring-data-jpa-1.11.10.RELEASE.jar:?]
	at org.springframework.data.jpa.repository.query.JpaQueryLookupStrategy$CreateIfNotFoundQueryLookupStrategy.resolveQuery(JpaQueryLookupStrategy.java:205) ~[spring-data-jpa-1.11.10.RELEASE.jar:?]
	at org.springframework.data.jpa.repository.query.JpaQueryLookupStrategy$AbstractQueryLookupStrategy.resolveQuery(JpaQueryLookupStrategy.java:77) ~[spring-data-jpa-1.11.10.RELEASE.jar:?]
	at org.springframework.data.repository.core.support.RepositoryFactorySupport$QueryExecutorMethodInterceptor.<init>(RepositoryFactorySupport.java:449) ~[spring-data-commons-1.13.10.RELEASE.jar:?]
	at org.springframework.data.repository.core.support.RepositoryFactorySupport.getRepository(RepositoryFactorySupport.java:222) ~[spring-data-commons-1.13.10.RELEASE.jar:?]
	at org.springframework.data.repository.core.support.RepositoryFactoryBeanSupport.initAndReturn(RepositoryFactoryBeanSupport.java:277) ~[spring-data-commons-1.13.10.RELEASE.jar:?]
	at org.springframework.data.repository.core.support.RepositoryFactoryBeanSupport.afterPropertiesSet(RepositoryFactoryBeanSupport.java:263) ~[spring-data-commons-1.13.10.RELEASE.jar:?]
	at org.springframework.data.jpa.repository.support.JpaRepositoryFactoryBean.afterPropertiesSet(JpaRepositoryFactoryBean.java:101) ~[spring-data-jpa-1.11.10.RELEASE.jar:?]
	at org.springframework.beans.factory.support.AbstractAutowireCapableBeanFactory.invokeInitMethods(AbstractAutowireCapableBeanFactory.java:1687) ~[spring-beans-4.3.15.BUILD-SNAPSHOT.jar:4.3.15.BUILD-SNAPSHOT]
	at org.springframework.beans.factory.support.AbstractAutowireCapableBeanFactory.initializeBean(AbstractAutowireCapableBeanFactory.java:1624) ~[spring-beans-4.3.15.BUILD-SNAPSHOT.jar:4.3.15.BUILD-SNAPSHOT]
	at org.springframework.beans.factory.support.AbstractAutowireCapableBeanFactory.doCreateBean(AbstractAutowireCapableBeanFactory.java:555) ~[spring-beans-4.3.15.BUILD-SNAPSHOT.jar:4.3.15.BUILD-SNAPSHOT]
	at org.springframework.beans.factory.support.AbstractAutowireCapableBeanFactory.createBean(AbstractAutowireCapableBeanFactory.java:483) ~[spring-beans-4.3.15.BUILD-SNAPSHOT.jar:4.3.15.BUILD-SNAPSHOT]
	at org.springframework.beans.factory.support.AbstractBeanFactory$1.getObject(AbstractBeanFactory.java:306) ~[spring-beans-4.3.15.BUILD-SNAPSHOT.jar:4.3.15.BUILD-SNAPSHOT]
	at org.springframework.beans.factory.support.DefaultSingletonBeanRegistry.getSingleton(DefaultSingletonBeanRegistry.java:230) ~[spring-beans-4.3.15.BUILD-SNAPSHOT.jar:4.3.15.BUILD-SNAPSHOT]
	at org.springframework.beans.factory.support.AbstractBeanFactory.doGetBean(AbstractBeanFactory.java:302) ~[spring-beans-4.3.15.BUILD-SNAPSHOT.jar:4.3.15.BUILD-SNAPSHOT]
	at org.springframework.beans.factory.support.AbstractBeanFactory.getBean(AbstractBeanFactory.java:202) ~[spring-beans-4.3.15.BUILD-SNAPSHOT.jar:4.3.15.BUILD-SNAPSHOT]
	at org.springframework.beans.factory.config.DependencyDescriptor.resolveCandidate(DependencyDescriptor.java:208) ~[spring-beans-4.3.15.BUILD-SNAPSHOT.jar:4.3.15.BUILD-SNAPSHOT]
	at org.springframework.beans.factory.support.DefaultListableBeanFactory.doResolveDependency(DefaultListableBeanFactory.java:1138) ~[spring-beans-4.3.15.BUILD-SNAPSHOT.jar:4.3.15.BUILD-SNAPSHOT]
	at org.springframework.beans.factory.support.DefaultListableBeanFactory.resolveDependency(DefaultListableBeanFactory.java:1066) ~[spring-beans-4.3.15.BUILD-SNAPSHOT.jar:4.3.15.BUILD-SNAPSHOT]
	at org.springframework.beans.factory.annotation.AutowiredAnnotationBeanPostProcessor$AutowiredFieldElement.inject(AutowiredAnnotationBeanPostProcessor.java:585) ~[spring-beans-4.3.15.BUILD-SNAPSHOT.jar:4.3.15.BUILD-SNAPSHOT]
	... 24 more
[INFO ] 2018-03-26 22:45:43.579 [main] TesterUpload1Application - In main
[INFO ] 2018-03-26 22:45:43.752 [restartedMain] TesterUpload1Application - In main
[INFO ] 2018-03-26 22:45:44.052 [restartedMain] TesterUpload1Application - Starting TesterUpload1Application on DESKTOP-D96421K with PID 14660 (C:\Users\Tanvi\team-214\phaseC\App\webapp\target\classes started by Tanvi in C:\Users\Tanvi\team-214\phaseC\App\webapp)
[INFO ] 2018-03-26 22:45:44.052 [restartedMain] TesterUpload1Application - No active profile set, falling back to default profiles: default
[ERROR] 2018-03-26 22:45:50.003 [restartedMain] SpringApplication - Application startup failed
org.springframework.beans.factory.UnsatisfiedDependencyException: Error creating bean with name 'loginController': Unsatisfied dependency expressed through field 'repository'; nested exception is org.springframework.beans.factory.BeanCreationException: Error creating bean with name 'userRepository': Invocation of init method failed; nested exception is java.lang.AbstractMethodError
	at org.springframework.beans.factory.annotation.AutowiredAnnotationBeanPostProcessor$AutowiredFieldElement.inject(AutowiredAnnotationBeanPostProcessor.java:588) ~[spring-beans-4.3.15.BUILD-SNAPSHOT.jar:4.3.15.BUILD-SNAPSHOT]
	at org.springframework.beans.factory.annotation.InjectionMetadata.inject(InjectionMetadata.java:88) ~[spring-beans-4.3.15.BUILD-SNAPSHOT.jar:4.3.15.BUILD-SNAPSHOT]
	at org.springframework.beans.factory.annotation.AutowiredAnnotationBeanPostProcessor.postProcessPropertyValues(AutowiredAnnotationBeanPostProcessor.java:366) ~[spring-beans-4.3.15.BUILD-SNAPSHOT.jar:4.3.15.BUILD-SNAPSHOT]
	at org.springframework.beans.factory.support.AbstractAutowireCapableBeanFactory.populateBean(AbstractAutowireCapableBeanFactory.java:1264) ~[spring-beans-4.3.15.BUILD-SNAPSHOT.jar:4.3.15.BUILD-SNAPSHOT]
	at org.springframework.beans.factory.support.AbstractAutowireCapableBeanFactory.doCreateBean(AbstractAutowireCapableBeanFactory.java:553) ~[spring-beans-4.3.15.BUILD-SNAPSHOT.jar:4.3.15.BUILD-SNAPSHOT]
	at org.springframework.beans.factory.support.AbstractAutowireCapableBeanFactory.createBean(AbstractAutowireCapableBeanFactory.java:483) ~[spring-beans-4.3.15.BUILD-SNAPSHOT.jar:4.3.15.BUILD-SNAPSHOT]
	at org.springframework.beans.factory.support.AbstractBeanFactory$1.getObject(AbstractBeanFactory.java:306) ~[spring-beans-4.3.15.BUILD-SNAPSHOT.jar:4.3.15.BUILD-SNAPSHOT]
	at org.springframework.beans.factory.support.DefaultSingletonBeanRegistry.getSingleton(DefaultSingletonBeanRegistry.java:230) ~[spring-beans-4.3.15.BUILD-SNAPSHOT.jar:4.3.15.BUILD-SNAPSHOT]
	at org.springframework.beans.factory.support.AbstractBeanFactory.doGetBean(AbstractBeanFactory.java:302) ~[spring-beans-4.3.15.BUILD-SNAPSHOT.jar:4.3.15.BUILD-SNAPSHOT]
	at org.springframework.beans.factory.support.AbstractBeanFactory.getBean(AbstractBeanFactory.java:197) ~[spring-beans-4.3.15.BUILD-SNAPSHOT.jar:4.3.15.BUILD-SNAPSHOT]
	at org.springframework.beans.factory.support.DefaultListableBeanFactory.preInstantiateSingletons(DefaultListableBeanFactory.java:761) ~[spring-beans-4.3.15.BUILD-SNAPSHOT.jar:4.3.15.BUILD-SNAPSHOT]
	at org.springframework.context.support.AbstractApplicationContext.finishBeanFactoryInitialization(AbstractApplicationContext.java:867) ~[spring-context-4.3.15.BUILD-SNAPSHOT.jar:4.3.15.BUILD-SNAPSHOT]
	at org.springframework.context.support.AbstractApplicationContext.refresh(AbstractApplicationContext.java:543) ~[spring-context-4.3.15.BUILD-SNAPSHOT.jar:4.3.15.BUILD-SNAPSHOT]
	at org.springframework.boot.context.embedded.EmbeddedWebApplicationContext.refresh(EmbeddedWebApplicationContext.java:122) ~[spring-boot-1.5.11.BUILD-SNAPSHOT.jar:1.5.11.BUILD-SNAPSHOT]
	at org.springframework.boot.SpringApplication.refresh(SpringApplication.java:693) [spring-boot-1.5.11.BUILD-SNAPSHOT.jar:1.5.11.BUILD-SNAPSHOT]
	at org.springframework.boot.SpringApplication.refreshContext(SpringApplication.java:360) [spring-boot-1.5.11.BUILD-SNAPSHOT.jar:1.5.11.BUILD-SNAPSHOT]
	at org.springframework.boot.SpringApplication.run(SpringApplication.java:303) [spring-boot-1.5.11.BUILD-SNAPSHOT.jar:1.5.11.BUILD-SNAPSHOT]
	at org.springframework.boot.SpringApplication.run(SpringApplication.java:1118) [spring-boot-1.5.11.BUILD-SNAPSHOT.jar:1.5.11.BUILD-SNAPSHOT]
	at org.springframework.boot.SpringApplication.run(SpringApplication.java:1107) [spring-boot-1.5.11.BUILD-SNAPSHOT.jar:1.5.11.BUILD-SNAPSHOT]
	at com.webapp.TesterUpload1Application.main(TesterUpload1Application.java:13) [classes/:?]
	at sun.reflect.NativeMethodAccessorImpl.invoke0(Native Method) ~[?:1.8.0_102]
	at sun.reflect.NativeMethodAccessorImpl.invoke(NativeMethodAccessorImpl.java:62) ~[?:1.8.0_102]
	at sun.reflect.DelegatingMethodAccessorImpl.invoke(DelegatingMethodAccessorImpl.java:43) ~[?:1.8.0_102]
	at java.lang.reflect.Method.invoke(Method.java:498) ~[?:1.8.0_102]
	at org.springframework.boot.devtools.restart.RestartLauncher.run(RestartLauncher.java:49) [spring-boot-devtools-1.5.11.BUILD-SNAPSHOT.jar:1.5.11.BUILD-SNAPSHOT]
Caused by: org.springframework.beans.factory.BeanCreationException: Error creating bean with name 'userRepository': Invocation of init method failed; nested exception is java.lang.AbstractMethodError
	at org.springframework.beans.factory.support.AbstractAutowireCapableBeanFactory.initializeBean(AbstractAutowireCapableBeanFactory.java:1628) ~[spring-beans-4.3.15.BUILD-SNAPSHOT.jar:4.3.15.BUILD-SNAPSHOT]
	at org.springframework.beans.factory.support.AbstractAutowireCapableBeanFactory.doCreateBean(AbstractAutowireCapableBeanFactory.java:555) ~[spring-beans-4.3.15.BUILD-SNAPSHOT.jar:4.3.15.BUILD-SNAPSHOT]
	at org.springframework.beans.factory.support.AbstractAutowireCapableBeanFactory.createBean(AbstractAutowireCapableBeanFactory.java:483) ~[spring-beans-4.3.15.BUILD-SNAPSHOT.jar:4.3.15.BUILD-SNAPSHOT]
	at org.springframework.beans.factory.support.AbstractBeanFactory$1.getObject(AbstractBeanFactory.java:306) ~[spring-beans-4.3.15.BUILD-SNAPSHOT.jar:4.3.15.BUILD-SNAPSHOT]
	at org.springframework.beans.factory.support.DefaultSingletonBeanRegistry.getSingleton(DefaultSingletonBeanRegistry.java:230) ~[spring-beans-4.3.15.BUILD-SNAPSHOT.jar:4.3.15.BUILD-SNAPSHOT]
	at org.springframework.beans.factory.support.AbstractBeanFactory.doGetBean(AbstractBeanFactory.java:302) ~[spring-beans-4.3.15.BUILD-SNAPSHOT.jar:4.3.15.BUILD-SNAPSHOT]
	at org.springframework.beans.factory.support.AbstractBeanFactory.getBean(AbstractBeanFactory.java:202) ~[spring-beans-4.3.15.BUILD-SNAPSHOT.jar:4.3.15.BUILD-SNAPSHOT]
	at org.springframework.beans.factory.config.DependencyDescriptor.resolveCandidate(DependencyDescriptor.java:208) ~[spring-beans-4.3.15.BUILD-SNAPSHOT.jar:4.3.15.BUILD-SNAPSHOT]
	at org.springframework.beans.factory.support.DefaultListableBeanFactory.doResolveDependency(DefaultListableBeanFactory.java:1138) ~[spring-beans-4.3.15.BUILD-SNAPSHOT.jar:4.3.15.BUILD-SNAPSHOT]
	at org.springframework.beans.factory.support.DefaultListableBeanFactory.resolveDependency(DefaultListableBeanFactory.java:1066) ~[spring-beans-4.3.15.BUILD-SNAPSHOT.jar:4.3.15.BUILD-SNAPSHOT]
	at org.springframework.beans.factory.annotation.AutowiredAnnotationBeanPostProcessor$AutowiredFieldElement.inject(AutowiredAnnotationBeanPostProcessor.java:585) ~[spring-beans-4.3.15.BUILD-SNAPSHOT.jar:4.3.15.BUILD-SNAPSHOT]
	... 24 more
Caused by: java.lang.AbstractMethodError
	at org.apache.logging.log4j.spi.AbstractLogger.logIfEnabled(AbstractLogger.java:1875) ~[log4j-api-2.7.jar:2.7]
	at org.apache.logging.slf4j.Log4jLogger.debug(Log4jLogger.java:124) ~[log4j-slf4j-impl-2.7.jar:2.7]
	at org.springframework.data.jpa.repository.query.JpaQueryFactory.fromQueryAnnotation(JpaQueryFactory.java:52) ~[spring-data-jpa-1.11.10.RELEASE.jar:?]
	at org.springframework.data.jpa.repository.query.JpaQueryLookupStrategy$DeclaredQueryLookupStrategy.resolveQuery(JpaQueryLookupStrategy.java:138) ~[spring-data-jpa-1.11.10.RELEASE.jar:?]
	at org.springframework.data.jpa.repository.query.JpaQueryLookupStrategy$CreateIfNotFoundQueryLookupStrategy.resolveQuery(JpaQueryLookupStrategy.java:205) ~[spring-data-jpa-1.11.10.RELEASE.jar:?]
	at org.springframework.data.jpa.repository.query.JpaQueryLookupStrategy$AbstractQueryLookupStrategy.resolveQuery(JpaQueryLookupStrategy.java:77) ~[spring-data-jpa-1.11.10.RELEASE.jar:?]
	at org.springframework.data.repository.core.support.RepositoryFactorySupport$QueryExecutorMethodInterceptor.<init>(RepositoryFactorySupport.java:449) ~[spring-data-commons-1.13.10.RELEASE.jar:?]
	at org.springframework.data.repository.core.support.RepositoryFactorySupport.getRepository(RepositoryFactorySupport.java:222) ~[spring-data-commons-1.13.10.RELEASE.jar:?]
	at org.springframework.data.repository.core.support.RepositoryFactoryBeanSupport.initAndReturn(RepositoryFactoryBeanSupport.java:277) ~[spring-data-commons-1.13.10.RELEASE.jar:?]
	at org.springframework.data.repository.core.support.RepositoryFactoryBeanSupport.afterPropertiesSet(RepositoryFactoryBeanSupport.java:263) ~[spring-data-commons-1.13.10.RELEASE.jar:?]
	at org.springframework.data.jpa.repository.support.JpaRepositoryFactoryBean.afterPropertiesSet(JpaRepositoryFactoryBean.java:101) ~[spring-data-jpa-1.11.10.RELEASE.jar:?]
	at org.springframework.beans.factory.support.AbstractAutowireCapableBeanFactory.invokeInitMethods(AbstractAutowireCapableBeanFactory.java:1687) ~[spring-beans-4.3.15.BUILD-SNAPSHOT.jar:4.3.15.BUILD-SNAPSHOT]
	at org.springframework.beans.factory.support.AbstractAutowireCapableBeanFactory.initializeBean(AbstractAutowireCapableBeanFactory.java:1624) ~[spring-beans-4.3.15.BUILD-SNAPSHOT.jar:4.3.15.BUILD-SNAPSHOT]
	at org.springframework.beans.factory.support.AbstractAutowireCapableBeanFactory.doCreateBean(AbstractAutowireCapableBeanFactory.java:555) ~[spring-beans-4.3.15.BUILD-SNAPSHOT.jar:4.3.15.BUILD-SNAPSHOT]
	at org.springframework.beans.factory.support.AbstractAutowireCapableBeanFactory.createBean(AbstractAutowireCapableBeanFactory.java:483) ~[spring-beans-4.3.15.BUILD-SNAPSHOT.jar:4.3.15.BUILD-SNAPSHOT]
	at org.springframework.beans.factory.support.AbstractBeanFactory$1.getObject(AbstractBeanFactory.java:306) ~[spring-beans-4.3.15.BUILD-SNAPSHOT.jar:4.3.15.BUILD-SNAPSHOT]
	at org.springframework.beans.factory.support.DefaultSingletonBeanRegistry.getSingleton(DefaultSingletonBeanRegistry.java:230) ~[spring-beans-4.3.15.BUILD-SNAPSHOT.jar:4.3.15.BUILD-SNAPSHOT]
	at org.springframework.beans.factory.support.AbstractBeanFactory.doGetBean(AbstractBeanFactory.java:302) ~[spring-beans-4.3.15.BUILD-SNAPSHOT.jar:4.3.15.BUILD-SNAPSHOT]
	at org.springframework.beans.factory.support.AbstractBeanFactory.getBean(AbstractBeanFactory.java:202) ~[spring-beans-4.3.15.BUILD-SNAPSHOT.jar:4.3.15.BUILD-SNAPSHOT]
	at org.springframework.beans.factory.config.DependencyDescriptor.resolveCandidate(DependencyDescriptor.java:208) ~[spring-beans-4.3.15.BUILD-SNAPSHOT.jar:4.3.15.BUILD-SNAPSHOT]
	at org.springframework.beans.factory.support.DefaultListableBeanFactory.doResolveDependency(DefaultListableBeanFactory.java:1138) ~[spring-beans-4.3.15.BUILD-SNAPSHOT.jar:4.3.15.BUILD-SNAPSHOT]
	at org.springframework.beans.factory.support.DefaultListableBeanFactory.resolveDependency(DefaultListableBeanFactory.java:1066) ~[spring-beans-4.3.15.BUILD-SNAPSHOT.jar:4.3.15.BUILD-SNAPSHOT]
	at org.springframework.beans.factory.annotation.AutowiredAnnotationBeanPostProcessor$AutowiredFieldElement.inject(AutowiredAnnotationBeanPostProcessor.java:585) ~[spring-beans-4.3.15.BUILD-SNAPSHOT.jar:4.3.15.BUILD-SNAPSHOT]
	... 24 more
[INFO ] 2018-03-26 22:57:26.191 [main] TesterUpload1Application - In main
[INFO ] 2018-03-26 22:57:26.360 [restartedMain] TesterUpload1Application - In main
[INFO ] 2018-03-26 22:57:26.703 [restartedMain] TesterUpload1Application - Starting TesterUpload1Application on DESKTOP-D96421K with PID 6220 (C:\Users\Tanvi\team-214\phaseC\App\webapp\target\classes started by Tanvi in C:\Users\Tanvi\team-214\phaseC\App\webapp)
[INFO ] 2018-03-26 22:57:26.704 [restartedMain] TesterUpload1Application - No active profile set, falling back to default profiles: default
[ERROR] 2018-03-26 22:57:32.836 [restartedMain] SpringApplication - Application startup failed
org.springframework.beans.factory.UnsatisfiedDependencyException: Error creating bean with name 'loginController': Unsatisfied dependency expressed through field 'repository'; nested exception is org.springframework.beans.factory.BeanCreationException: Error creating bean with name 'userRepository': Invocation of init method failed; nested exception is java.lang.AbstractMethodError
	at org.springframework.beans.factory.annotation.AutowiredAnnotationBeanPostProcessor$AutowiredFieldElement.inject(AutowiredAnnotationBeanPostProcessor.java:588) ~[spring-beans-4.3.15.BUILD-SNAPSHOT.jar:4.3.15.BUILD-SNAPSHOT]
	at org.springframework.beans.factory.annotation.InjectionMetadata.inject(InjectionMetadata.java:88) ~[spring-beans-4.3.15.BUILD-SNAPSHOT.jar:4.3.15.BUILD-SNAPSHOT]
	at org.springframework.beans.factory.annotation.AutowiredAnnotationBeanPostProcessor.postProcessPropertyValues(AutowiredAnnotationBeanPostProcessor.java:366) ~[spring-beans-4.3.15.BUILD-SNAPSHOT.jar:4.3.15.BUILD-SNAPSHOT]
	at org.springframework.beans.factory.support.AbstractAutowireCapableBeanFactory.populateBean(AbstractAutowireCapableBeanFactory.java:1264) ~[spring-beans-4.3.15.BUILD-SNAPSHOT.jar:4.3.15.BUILD-SNAPSHOT]
	at org.springframework.beans.factory.support.AbstractAutowireCapableBeanFactory.doCreateBean(AbstractAutowireCapableBeanFactory.java:553) ~[spring-beans-4.3.15.BUILD-SNAPSHOT.jar:4.3.15.BUILD-SNAPSHOT]
	at org.springframework.beans.factory.support.AbstractAutowireCapableBeanFactory.createBean(AbstractAutowireCapableBeanFactory.java:483) ~[spring-beans-4.3.15.BUILD-SNAPSHOT.jar:4.3.15.BUILD-SNAPSHOT]
	at org.springframework.beans.factory.support.AbstractBeanFactory$1.getObject(AbstractBeanFactory.java:306) ~[spring-beans-4.3.15.BUILD-SNAPSHOT.jar:4.3.15.BUILD-SNAPSHOT]
	at org.springframework.beans.factory.support.DefaultSingletonBeanRegistry.getSingleton(DefaultSingletonBeanRegistry.java:230) ~[spring-beans-4.3.15.BUILD-SNAPSHOT.jar:4.3.15.BUILD-SNAPSHOT]
	at org.springframework.beans.factory.support.AbstractBeanFactory.doGetBean(AbstractBeanFactory.java:302) ~[spring-beans-4.3.15.BUILD-SNAPSHOT.jar:4.3.15.BUILD-SNAPSHOT]
	at org.springframework.beans.factory.support.AbstractBeanFactory.getBean(AbstractBeanFactory.java:197) ~[spring-beans-4.3.15.BUILD-SNAPSHOT.jar:4.3.15.BUILD-SNAPSHOT]
	at org.springframework.beans.factory.support.DefaultListableBeanFactory.preInstantiateSingletons(DefaultListableBeanFactory.java:761) ~[spring-beans-4.3.15.BUILD-SNAPSHOT.jar:4.3.15.BUILD-SNAPSHOT]
	at org.springframework.context.support.AbstractApplicationContext.finishBeanFactoryInitialization(AbstractApplicationContext.java:867) ~[spring-context-4.3.15.BUILD-SNAPSHOT.jar:4.3.15.BUILD-SNAPSHOT]
	at org.springframework.context.support.AbstractApplicationContext.refresh(AbstractApplicationContext.java:543) ~[spring-context-4.3.15.BUILD-SNAPSHOT.jar:4.3.15.BUILD-SNAPSHOT]
	at org.springframework.boot.context.embedded.EmbeddedWebApplicationContext.refresh(EmbeddedWebApplicationContext.java:122) ~[spring-boot-1.5.11.BUILD-SNAPSHOT.jar:1.5.11.BUILD-SNAPSHOT]
	at org.springframework.boot.SpringApplication.refresh(SpringApplication.java:693) [spring-boot-1.5.11.BUILD-SNAPSHOT.jar:1.5.11.BUILD-SNAPSHOT]
	at org.springframework.boot.SpringApplication.refreshContext(SpringApplication.java:360) [spring-boot-1.5.11.BUILD-SNAPSHOT.jar:1.5.11.BUILD-SNAPSHOT]
	at org.springframework.boot.SpringApplication.run(SpringApplication.java:303) [spring-boot-1.5.11.BUILD-SNAPSHOT.jar:1.5.11.BUILD-SNAPSHOT]
	at org.springframework.boot.SpringApplication.run(SpringApplication.java:1118) [spring-boot-1.5.11.BUILD-SNAPSHOT.jar:1.5.11.BUILD-SNAPSHOT]
	at org.springframework.boot.SpringApplication.run(SpringApplication.java:1107) [spring-boot-1.5.11.BUILD-SNAPSHOT.jar:1.5.11.BUILD-SNAPSHOT]
	at com.webapp.TesterUpload1Application.main(TesterUpload1Application.java:13) [classes/:?]
	at sun.reflect.NativeMethodAccessorImpl.invoke0(Native Method) ~[?:1.8.0_102]
	at sun.reflect.NativeMethodAccessorImpl.invoke(NativeMethodAccessorImpl.java:62) ~[?:1.8.0_102]
	at sun.reflect.DelegatingMethodAccessorImpl.invoke(DelegatingMethodAccessorImpl.java:43) ~[?:1.8.0_102]
	at java.lang.reflect.Method.invoke(Method.java:498) ~[?:1.8.0_102]
	at org.springframework.boot.devtools.restart.RestartLauncher.run(RestartLauncher.java:49) [spring-boot-devtools-1.5.11.BUILD-SNAPSHOT.jar:1.5.11.BUILD-SNAPSHOT]
Caused by: org.springframework.beans.factory.BeanCreationException: Error creating bean with name 'userRepository': Invocation of init method failed; nested exception is java.lang.AbstractMethodError
	at org.springframework.beans.factory.support.AbstractAutowireCapableBeanFactory.initializeBean(AbstractAutowireCapableBeanFactory.java:1628) ~[spring-beans-4.3.15.BUILD-SNAPSHOT.jar:4.3.15.BUILD-SNAPSHOT]
	at org.springframework.beans.factory.support.AbstractAutowireCapableBeanFactory.doCreateBean(AbstractAutowireCapableBeanFactory.java:555) ~[spring-beans-4.3.15.BUILD-SNAPSHOT.jar:4.3.15.BUILD-SNAPSHOT]
	at org.springframework.beans.factory.support.AbstractAutowireCapableBeanFactory.createBean(AbstractAutowireCapableBeanFactory.java:483) ~[spring-beans-4.3.15.BUILD-SNAPSHOT.jar:4.3.15.BUILD-SNAPSHOT]
	at org.springframework.beans.factory.support.AbstractBeanFactory$1.getObject(AbstractBeanFactory.java:306) ~[spring-beans-4.3.15.BUILD-SNAPSHOT.jar:4.3.15.BUILD-SNAPSHOT]
	at org.springframework.beans.factory.support.DefaultSingletonBeanRegistry.getSingleton(DefaultSingletonBeanRegistry.java:230) ~[spring-beans-4.3.15.BUILD-SNAPSHOT.jar:4.3.15.BUILD-SNAPSHOT]
	at org.springframework.beans.factory.support.AbstractBeanFactory.doGetBean(AbstractBeanFactory.java:302) ~[spring-beans-4.3.15.BUILD-SNAPSHOT.jar:4.3.15.BUILD-SNAPSHOT]
	at org.springframework.beans.factory.support.AbstractBeanFactory.getBean(AbstractBeanFactory.java:202) ~[spring-beans-4.3.15.BUILD-SNAPSHOT.jar:4.3.15.BUILD-SNAPSHOT]
	at org.springframework.beans.factory.config.DependencyDescriptor.resolveCandidate(DependencyDescriptor.java:208) ~[spring-beans-4.3.15.BUILD-SNAPSHOT.jar:4.3.15.BUILD-SNAPSHOT]
	at org.springframework.beans.factory.support.DefaultListableBeanFactory.doResolveDependency(DefaultListableBeanFactory.java:1138) ~[spring-beans-4.3.15.BUILD-SNAPSHOT.jar:4.3.15.BUILD-SNAPSHOT]
	at org.springframework.beans.factory.support.DefaultListableBeanFactory.resolveDependency(DefaultListableBeanFactory.java:1066) ~[spring-beans-4.3.15.BUILD-SNAPSHOT.jar:4.3.15.BUILD-SNAPSHOT]
	at org.springframework.beans.factory.annotation.AutowiredAnnotationBeanPostProcessor$AutowiredFieldElement.inject(AutowiredAnnotationBeanPostProcessor.java:585) ~[spring-beans-4.3.15.BUILD-SNAPSHOT.jar:4.3.15.BUILD-SNAPSHOT]
	... 24 more
Caused by: java.lang.AbstractMethodError
	at org.apache.logging.log4j.spi.AbstractLogger.logIfEnabled(AbstractLogger.java:1875) ~[log4j-api-2.7.jar:2.7]
	at org.apache.logging.slf4j.Log4jLogger.debug(Log4jLogger.java:124) ~[log4j-slf4j-impl-2.7.jar:2.7]
	at org.springframework.data.jpa.repository.query.JpaQueryFactory.fromQueryAnnotation(JpaQueryFactory.java:52) ~[spring-data-jpa-1.11.10.RELEASE.jar:?]
	at org.springframework.data.jpa.repository.query.JpaQueryLookupStrategy$DeclaredQueryLookupStrategy.resolveQuery(JpaQueryLookupStrategy.java:138) ~[spring-data-jpa-1.11.10.RELEASE.jar:?]
	at org.springframework.data.jpa.repository.query.JpaQueryLookupStrategy$CreateIfNotFoundQueryLookupStrategy.resolveQuery(JpaQueryLookupStrategy.java:205) ~[spring-data-jpa-1.11.10.RELEASE.jar:?]
	at org.springframework.data.jpa.repository.query.JpaQueryLookupStrategy$AbstractQueryLookupStrategy.resolveQuery(JpaQueryLookupStrategy.java:77) ~[spring-data-jpa-1.11.10.RELEASE.jar:?]
	at org.springframework.data.repository.core.support.RepositoryFactorySupport$QueryExecutorMethodInterceptor.<init>(RepositoryFactorySupport.java:449) ~[spring-data-commons-1.13.10.RELEASE.jar:?]
	at org.springframework.data.repository.core.support.RepositoryFactorySupport.getRepository(RepositoryFactorySupport.java:222) ~[spring-data-commons-1.13.10.RELEASE.jar:?]
	at org.springframework.data.repository.core.support.RepositoryFactoryBeanSupport.initAndReturn(RepositoryFactoryBeanSupport.java:277) ~[spring-data-commons-1.13.10.RELEASE.jar:?]
	at org.springframework.data.repository.core.support.RepositoryFactoryBeanSupport.afterPropertiesSet(RepositoryFactoryBeanSupport.java:263) ~[spring-data-commons-1.13.10.RELEASE.jar:?]
	at org.springframework.data.jpa.repository.support.JpaRepositoryFactoryBean.afterPropertiesSet(JpaRepositoryFactoryBean.java:101) ~[spring-data-jpa-1.11.10.RELEASE.jar:?]
	at org.springframework.beans.factory.support.AbstractAutowireCapableBeanFactory.invokeInitMethods(AbstractAutowireCapableBeanFactory.java:1687) ~[spring-beans-4.3.15.BUILD-SNAPSHOT.jar:4.3.15.BUILD-SNAPSHOT]
	at org.springframework.beans.factory.support.AbstractAutowireCapableBeanFactory.initializeBean(AbstractAutowireCapableBeanFactory.java:1624) ~[spring-beans-4.3.15.BUILD-SNAPSHOT.jar:4.3.15.BUILD-SNAPSHOT]
	at org.springframework.beans.factory.support.AbstractAutowireCapableBeanFactory.doCreateBean(AbstractAutowireCapableBeanFactory.java:555) ~[spring-beans-4.3.15.BUILD-SNAPSHOT.jar:4.3.15.BUILD-SNAPSHOT]
	at org.springframework.beans.factory.support.AbstractAutowireCapableBeanFactory.createBean(AbstractAutowireCapableBeanFactory.java:483) ~[spring-beans-4.3.15.BUILD-SNAPSHOT.jar:4.3.15.BUILD-SNAPSHOT]
	at org.springframework.beans.factory.support.AbstractBeanFactory$1.getObject(AbstractBeanFactory.java:306) ~[spring-beans-4.3.15.BUILD-SNAPSHOT.jar:4.3.15.BUILD-SNAPSHOT]
	at org.springframework.beans.factory.support.DefaultSingletonBeanRegistry.getSingleton(DefaultSingletonBeanRegistry.java:230) ~[spring-beans-4.3.15.BUILD-SNAPSHOT.jar:4.3.15.BUILD-SNAPSHOT]
	at org.springframework.beans.factory.support.AbstractBeanFactory.doGetBean(AbstractBeanFactory.java:302) ~[spring-beans-4.3.15.BUILD-SNAPSHOT.jar:4.3.15.BUILD-SNAPSHOT]
	at org.springframework.beans.factory.support.AbstractBeanFactory.getBean(AbstractBeanFactory.java:202) ~[spring-beans-4.3.15.BUILD-SNAPSHOT.jar:4.3.15.BUILD-SNAPSHOT]
	at org.springframework.beans.factory.config.DependencyDescriptor.resolveCandidate(DependencyDescriptor.java:208) ~[spring-beans-4.3.15.BUILD-SNAPSHOT.jar:4.3.15.BUILD-SNAPSHOT]
	at org.springframework.beans.factory.support.DefaultListableBeanFactory.doResolveDependency(DefaultListableBeanFactory.java:1138) ~[spring-beans-4.3.15.BUILD-SNAPSHOT.jar:4.3.15.BUILD-SNAPSHOT]
	at org.springframework.beans.factory.support.DefaultListableBeanFactory.resolveDependency(DefaultListableBeanFactory.java:1066) ~[spring-beans-4.3.15.BUILD-SNAPSHOT.jar:4.3.15.BUILD-SNAPSHOT]
	at org.springframework.beans.factory.annotation.AutowiredAnnotationBeanPostProcessor$AutowiredFieldElement.inject(AutowiredAnnotationBeanPostProcessor.java:585) ~[spring-beans-4.3.15.BUILD-SNAPSHOT.jar:4.3.15.BUILD-SNAPSHOT]
	... 24 more
